Base path: C:/Program Files (x86)/Unity/Editor/Data
Pipe name: \\.\pipe\UnityShaderCompiler-2-1228
Cmd: getPlatforms
Cmd: compileSnippet
  api=4 type=0 insize=2197 outsize=1128 kw= ok=1
Cmd: compileSnippet
  api=8 type=1 insize=2197 outsize=4063 kw= ok=1
Cmd: compileSnippet
  api=8 type=0 insize=1207 outsize=1650 kw= ok=1
Cmd: compileSnippet
  api=4 type=1 insize=1207 outsize=1103 kw= ok=1
Cmd: compileSnippet
  api=4 type=0 insize=952 outsize=1274 kw= ok=1
Cmd: compileSnippet
  api=4 type=1 insize=952 outsize=811 kw= ok=1
Cmd: compileSnippet
  api=8 type=0 insize=2272 outsize=1650 kw= ok=1
Cmd: compileSnippet
  api=4 type=1 insize=2272 outsize=2574 kw= ok=1
Unhandled exception: Readfile from pipe failed. GLE=The pipe has been ended.


Quitting shader compiler process
